<?xml version="1.0" encoding="UTF-8"?>
<testsuite name="Soapui-Jenkins.TestSuite 1" tests="1" failures="0" errors="0" time="0.723"><properties><property name="JOB_NAME" value="soapui-jenkins"/><property name="java.vendor" value="Oracle Corporation"/><property name="sun.java.launcher" value="SUN_STANDARD"/><property name="NUMBER_OF_PROCESSORS" value="4"/><property name="sun.management.compiler" value="HotSpot 64-Bit Tiered Compilers"/><property name="JENKINS_HOME" value="C:\Users\prasu\.jenkins"/><property name="HUDSON_SERVER_COOKIE" value="d2a786cd27deb11b"/><property name="POM_ARTIFACTID" value="soapui-maven-jenk"/><property name="os.name" value="Windows 10"/><property name="EXECUTOR_NUMBER" value="1"/><property name="sun.boot.class.path" value="C:\Program Files\Java\jdk1.8.0_151\jre\lib\resources.jar;C:\Program Files\Java\jdk1.8.0_151\jre\lib\rt.jar;C:\Program Files\Java\jdk1.8.0_151\jre\lib\sunrsasign.jar;C:\Program Files\Java\jdk1.8.0_151\jre\lib\jsse.jar;C:\Program Files\Java\jdk1.8.0_151\jre\lib\jce.jar;C:\Program Files\Java\jdk1.8.0_151\jre\lib\charsets.jar;C:\Program Files\Java\jdk1.8.0_151\jre\lib\jfr.jar;C:\Program Files\Java\jdk1.8.0_151\jre\classes"/><property name="PATHEXT" value=".COM;.EXE;.BAT;.CMD;.VBS;.VBE;.JS;.JSE;.WSF;.WSH;.MSC"/><property name="sun.desktop" value="windows"/><property name="POM_DISPLAYNAME" value="soapui-maven-jenk"/><property name="java.vm.specification.vendor" value="Oracle Corporation"/><property name="TEMP" value="C:\Users\prasu\AppData\Local\Temp"/><property name="NODE_LABELS" value="master"/><property name="java.runtime.version" value="1.8.0_151-b12"/><property name="ST_INSTALL_PATH" value="C:\Program Files (x86)\HPE\Unified Functional Testing\"/><property name="user.name" value="prasu"/><property name="guice.disable.misplaced.annotation.check" value="true"/><property name="CommonProgramW6432" value="C:\Program Files\Common Files"/><property name="ProgramFiles" value="C:\Program Files"/><property name="PROMPT" value="$P$G"/><property name="user.language" value="en"/><property name="RUN_CHANGES_DISPLAY_URL" value="http://localhost:8080/job/soapui-jenkins/7/display/redirect?page=changes"/><property name="OneDrive" value="C:\Users\prasu\OneDrive"/><property name="M2" value="C:\Tools\apache-maven-3.5.4\bin"/><property name="JOB_BASE_NAME" value="soapui-jenkins"/><property name="BUILD_DISPLAY_NAME" value="#7"/><property name="sun.boot.library.path" value="C:\Program Files\Java\jdk1.8.0_151\jre\bin"/><property name="LOCALAPPDATA" value="C:\Users\prasu\AppData\Local"/><property name="java.version" value="1.8.0_151"/><property name="PROCESSOR_LEVEL" value="6"/><property name="user.timezone" value="Asia/Calcutta"/><property name="USERNAME" value="prasu"/><property name="sun.arch.data.model" value="64"/><property name="NODE_NAME" value="master"/><property name="java.endorsed.dirs" value="C:\Program Files\Java\jdk1.8.0_151\jre\lib\endorsed"/><property name="BUILD_ID" value="7"/><property name="sun.cpu.isalist" value="amd64"/><property name="sun.jnu.encoding" value="Cp1252"/><property name="file.encoding.pkg" value="sun.io"/><property name="maven.conf" value="C:\Users\prasu\.jenkins\tools\hudson.tasks.Maven_MavenInstallation\C_Tools_apache-maven-3.5.4_bin\conf"/><property name="HOMEDRIVE" value="C:"/><property name="file.separator" value="\"/><property name="java.specification.name" value="Java Platform API Specification"/><property name="java.class.version" value="52.0"/><property name="org.slf4j.simpleLogger.defaultLogLevel" value="info"/><property name="user.country" value="US"/><property name="ALLUSERSPROFILE" value="C:\ProgramData"/><property name="java.home" value="C:\Program Files\Java\jdk1.8.0_151\jre"/><property name="java.vm.info" value="mixed mode"/><property name="os.version" value="10.0"/><property name="=ExitCode" value="00000082"/><property name="RUN_DISPLAY_URL" value="http://localhost:8080/job/soapui-jenkins/7/display/redirect"/><property name="POM_VERSION" value="0.0.1-SNAPSHOT"/><property name="VISUALSVN_SERVER" value="C:\Program Files\VisualSVN Server\"/><property name="TMP" value="C:\Users\prasu\AppData\Local\Temp"/><property name="configsetroot" value="C:\WINDOWS\ConfigSetRoot"/><property name="path.separator" value=";"/><property name="java.vm.version" value="25.151-b12"/><property name="user.variant" value=""/><property name="JOB_DISPLAY_URL" value="http://localhost:8080/job/soapui-jenkins/display/redirect"/><property name="CommonProgramFiles(x86)" value="C:\Program Files (x86)\Common Files"/><property name="sun.awt.enableExtraMouseButtons" value="true"/><property name="USERDOMAIN_ROAMINGPROFILE" value="DESKTOP-2A5BPMK"/><property name="java.awt.printerjob" value="sun.awt.windows.WPrinterJob"/><property name="JAVA_HOME" value="C:\Program Files\Java\jdk1.8.0_151"/><property name="sun.io.unicode.encoding" value="UnicodeLittle"/><property name="CommonProgramFiles" value="C:\Program Files\Common Files"/><property name="ComSpec" value="C:\WINDOWS\system32\cmd.exe"/><property name="HOMEPATH" value="\Users\prasu"/><property name="awt.toolkit" value="sun.awt.windows.WToolkit"/><property name="POM_PACKAGING" value="jar"/><property name="COMPUTERNAME" value="DESKTOP-2A5BPMK"/><property name="user.script" value=""/><property name="asl.log" value="Destination=file"/><property name="POM_GROUPID" value="soapui-maven"/><property name="PUBLIC" value="C:\Users\Public"/><property name="user.home" value="C:\Users\prasu"/><property name="JENKINS_SERVER_COOKIE" value="d2a786cd27deb11b"/><property name="BUILD_TAG" value="jenkins-soapui-jenkins-7"/><property name="HUDSON_URL" value="http://localhost:8080/"/><property name="=E:" value="E:\Softwares\Jenkins"/><property name="ProgramData" value="C:\ProgramData"/><property name="java.specification.vendor" value="Oracle Corporation"/><property name="USERPROFILE" value="C:\Users\prasu"/><property name="CLASSPATH" value=""/><property name="java.library.path" value="C:\Program Files\Java\jdk1.8.0_151\bin;C:\WINDOWS\Sun\Java\bin;C:\WINDOWS\system32;C:\WINDOWS;C:\Users\prasu\.jenkins\tools\hudson.tasks.Maven_MavenInstallation\C_Tools_apache-maven-3.5.4_bin/bin;C:\Program Files\Java\jdk1.8.0_151/bin;C:\Program Files\Java\jdk1.8.0_151/bin;C:\ProgramData\Oracle\Java\javapath;C:\Program Files (x86)\Intel\iCLS Client\;C:\Program Files\Intel\iCLS Client\;C:\Windows\system32;C:\Windows;C:\Windows\System32\Wbem;C:\Windows\System32\WindowsPowerShell\v1.0\;C:\Program Files (x86)\Intel\Intel(R) Management Engine Components\DAL;C:\Program Files\Intel\Intel(R) Management Engine Components\DAL;C:\Program Files (x86)\Intel\Intel(R) Management Engine Components\IPT;C:\Program Files\Intel\Intel(R) Management Engine Components\IPT;C:\Program Files (x86)\NVIDIA Corporation\PhysX\Common;C:\Program Files\nodejs\;C:\Program Files\TortoiseSVN\bin;C:\Program Files\VisualSVN Server\bin;C:\WINDOWS\system32;C:\WINDOWS;C:\WINDOWS\System32\Wbem;C:\WINDOWS\System32\WindowsPowerShell\v1.0\;C:\Program Files (x86)\HPE\Unified Functional Testing\bin;C:\WINDOWS\System32\OpenSSH\;C:\Users\prasu\AppData\Local\Microsoft\WindowsApps;C:\Users\prasu\AppData\Roaming\npm;C:\Users\prasu\AppData\Local\GitHubDesktop\bin;&quot;C:\ProgramData\Oracle\Java\javapath;C:\Program Files (x86)\Intel\iCLS Client\;C:\Program Files\Intel\iCLS Client\;C:\Windows\system32;C:\Windows;C:\Windows\System32\Wbem;C:\Windows\System32\WindowsPowerShell\v1.0\;C:\Program Files (x86)\Intel\Intel(R) Management Engine Components\DAL;C:\Program Files\Intel\Intel(R) Management Engine Components\DAL;C:\Program Files (x86)\Intel\Intel(R) Management Engine Components\IPT;C:\Program Files\Intel\Intel(R) Management Engine Components\IPT;C:\Program Files (x86)\NVIDIA Corporation\PhysX\Common;C:\Program Files\nodejs\;C:\Program Files\TortoiseSVN\bin;C:\Program Files\VisualSVN Server\bin;C:\WINDOWS\system32;C:\WINDOWS;C:\WINDOWS\System32\Wbem;C:\WINDOWS\System32\WindowsPowerShell\v1.0\;C:\Program Files (x86)\HPE\Unified Functional Testing\bin;C:\WINDOWS\System32\OpenSSH\;C:\Tools\apache-maven-3.5.4\bin&quot;;C:\Tools\apache-maven-3.5.4\bin;;."/><property name="java.vendor.url" value="http://java.oracle.com/"/><property name="APPDATA" value="C:\Users\prasu\AppData\Roaming"/><property name="java.vm.vendor" value="Oracle Corporation"/><property name="maven.home" value="C:\Users\prasu\.jenkins\tools\hudson.tasks.Maven_MavenInstallation\C_Tools_apache-maven-3.5.4_bin"/><property name="java.runtime.name" value="Java(TM) SE Runtime Environment"/><property name="sun.java.command" value="jenkins.maven3.agent.Maven35Main C:\Users\prasu\.jenkins\tools\hudson.tasks.Maven_MavenInstallation\C_Tools_apache-maven-3.5.4_bin C:\Users\prasu\.jenkins\war\WEB-INF\lib\remoting-3.26.jar C:\Users\prasu\.jenkins\plugins\maven-plugin\WEB-INF\lib\maven35-interceptor-1.12-alpha-1.jar C:\Users\prasu\.jenkins\plugins\maven-plugin\WEB-INF\lib\maven3-interceptor-commons-1.12-alpha-1.jar 63358"/><property name="java.class.path" value="C:\Users\prasu\.jenkins\plugins\maven-plugin\WEB-INF\lib\maven35-agent-1.12-alpha-1.jar;C:\Users\prasu\.jenkins\tools\hudson.tasks.Maven_MavenInstallation\C_Tools_apache-maven-3.5.4_bin\boot\plexus-classworlds-2.5.2.jar;C:\Users\prasu\.jenkins\tools\hudson.tasks.Maven_MavenInstallation\C_Tools_apache-maven-3.5.4_bin/conf/logging"/><property name="Path" value="C:\Program Files\Java\jdk1.8.0_151/bin;C:\ProgramData\Oracle\Java\javapath;C:\Program Files (x86)\Intel\iCLS Client\;C:\Program Files\Intel\iCLS Client\;C:\Windows\system32;C:\Windows;C:\Windows\System32\Wbem;C:\Windows\System32\WindowsPowerShell\v1.0\;C:\Program Files (x86)\Intel\Intel(R) Management Engine Components\DAL;C:\Program Files\Intel\Intel(R) Management Engine Components\DAL;C:\Program Files (x86)\Intel\Intel(R) Management Engine Components\IPT;C:\Program Files\Intel\Intel(R) Management Engine Components\IPT;C:\Program Files (x86)\NVIDIA Corporation\PhysX\Common;C:\Program Files\nodejs\;C:\Program Files\TortoiseSVN\bin;C:\Program Files\VisualSVN Server\bin;C:\WINDOWS\system32;C:\WINDOWS;C:\WINDOWS\System32\Wbem;C:\WINDOWS\System32\WindowsPowerShell\v1.0\;C:\Program Files (x86)\HPE\Unified Functional Testing\bin;C:\WINDOWS\System32\OpenSSH\;C:\Users\prasu\AppData\Local\Microsoft\WindowsApps;C:\Users\prasu\AppData\Roaming\npm;C:\Users\prasu\AppData\Local\GitHubDesktop\bin;&quot;C:\ProgramData\Oracle\Java\javapath;C:\Program Files (x86)\Intel\iCLS Client\;C:\Program Files\Intel\iCLS Client\;C:\Windows\system32;C:\Windows;C:\Windows\System32\Wbem;C:\Windows\System32\WindowsPowerShell\v1.0\;C:\Program Files (x86)\Intel\Intel(R) Management Engine Components\DAL;C:\Program Files\Intel\Intel(R) Management Engine Components\DAL;C:\Program Files (x86)\Intel\Intel(R) Management Engine Components\IPT;C:\Program Files\Intel\Intel(R) Management Engine Components\IPT;C:\Program Files (x86)\NVIDIA Corporation\PhysX\Common;C:\Program Files\nodejs\;C:\Program Files\TortoiseSVN\bin;C:\Program Files\VisualSVN Server\bin;C:\WINDOWS\system32;C:\WINDOWS;C:\WINDOWS\System32\Wbem;C:\WINDOWS\System32\WindowsPowerShell\v1.0\;C:\Program Files (x86)\HPE\Unified Functional Testing\bin;C:\WINDOWS\System32\OpenSSH\;C:\Tools\apache-maven-3.5.4\bin&quot;;C:\Tools\apache-maven-3.5.4\bin;"/><property name="PROCESSOR_ARCHITECTURE" value="AMD64"/><property name="java.vm.specification.name" value="Java Virtual Machine Specification"/><property name="SESSIONNAME" value="Console"/><property name="PROCESSOR_IDENTIFIER" value="Intel64 Family 6 Model 142 Stepping 9, GenuineIntel"/><property name="PATH+JDK" value="C:\Program Files\Java\jdk1.8.0_151/bin"/><property name="java.vm.specification.version" value="1.8"/><property name="M2_HOME" value="C:\Users\prasu\.jenkins\tools\hudson.tasks.Maven_MavenInstallation\C_Tools_apache-maven-3.5.4_bin"/><property name="sun.cpu.endian" value="little"/><property name="sun.os.patch.level" value=""/><property name="OS" value="Windows_NT"/><property name="java.io.tmpdir" value="C:\Users\prasu\AppData\Local\Temp\"/><property name="PATH+MAVEN" value="C:\Users\prasu\.jenkins\tools\hudson.tasks.Maven_MavenInstallation\C_Tools_apache-maven-3.5.4_bin/bin"/><property name="HUDSON_HOME" value="C:\Users\prasu\.jenkins"/><property name="ProgramFiles(x86)" value="C:\Program Files (x86)"/><property name="java.vendor.url.bug" value="http://bugreport.sun.com/bugreport/"/><property name="BUILD_URL" value="http://localhost:8080/job/soapui-jenkins/7/"/><property name="MAVEN_OPTS" value="-Xmx512m -XX:MaxPermSize=128m"/><property name="SystemRoot" value="C:\WINDOWS"/><property name="os.arch" value="amd64"/><property name="java.awt.graphicsenv" value="sun.awt.Win32GraphicsEnvironment"/><property name="ERROR_CODE" value="0"/><property name="java.ext.dirs" value="C:\Program Files\Java\jdk1.8.0_151\jre\lib\ext;C:\WINDOWS\Sun\Java\lib\ext"/><property name="JOB_URL" value="http://localhost:8080/job/soapui-jenkins/"/><property name="user.dir" value="C:\workspaces\Eclipse\soapui-maven-jenk"/><property name="LOGONSERVER" value="\\DESKTOP-2A5BPMK"/><property name="USERDOMAIN" value="DESKTOP-2A5BPMK"/><property name="MAVEN_HOME" value="C:\Users\prasu\.jenkins\tools\hudson.tasks.Maven_MavenInstallation\C_Tools_apache-maven-3.5.4_bin"/><property name="line.separator" value="
"/><property name="BUILD_NUMBER" value="7"/><property name="java.vm.name" value="Java HotSpot(TM) 64-Bit Server VM"/><property name="PROCESSOR_REVISION" value="8e09"/><property name="JENKINS_URL" value="http://localhost:8080/"/><property name="ProgramW6432" value="C:\Program Files"/><property name="windir" value="C:\WINDOWS"/><property name="=C:" value="C:\Users\prasu"/><property name="SystemDrive" value="C:"/><property name="file.encoding" value="Cp1252"/><property name="maven3.interceptor" value="C:\Users\prasu\.jenkins\plugins\maven-plugin\WEB-INF\lib\maven35-interceptor-1.12-alpha-1.jar"/><property name="WORKSPACE" value="C:\Users\prasu\.jenkins\workspace\soapui-jenkins"/><property name="maven3.interceptor.common" value="C:\Users\prasu\.jenkins\plugins\maven-plugin\WEB-INF\lib\maven3-interceptor-commons-1.12-alpha-1.jar"/><property name="PSModulePath" value="C:\Program Files\WindowsPowerShell\Modules;C:\WINDOWS\system32\WindowsPowerShell\v1.0\Modules;C:\Program Files\VisualSVN Server\PowerShellModules"/><property name="java.specification.version" value="1.8"/><property name="DriverData" value="C:\Windows\System32\Drivers\DriverData"/></properties><testcase name="TestCase 1" time="0.723"/></testsuite>